Starting CAP Project Generator...
Using @sap/cds-dk [9.9.1] from /extbin/globals/bun/global/install/node_modules/@sap/cds-dk
Using @sap/generator-cap-project [2.0.6] from [/extbin/globals/bun/global/install/node_modules/@sap/generator-cap-project]
Using root path [/home/user/projects]

Creating project with hana, mta, nodejs, pipeline

Adding facet: nodejs
Adding facet: mta
Adding facet: hana
Adding facet: pipeline

Successfully initialized CAP project
Continue with: code retention-app 
for information on project "Piper" and its pipelines see https://www.project-piper.io/


Installing dependencies...

added 258 packages, and audited 259 packages in 12s

38 packages are looking for funding
  run `npm fund` for details

found 0 vulnerabilities

Finished installing dependencies

Done setting up project retention-app
Project is ready to use

